{"D:\\Programing\\dm-helper-react\\src\\components\\CityCard.tsx": {"path":"D:\\Programing\\dm-helper-react\\src\\components\\CityCard.tsx","statementMap":{"0":{"start":{"line":12,"column":2},"end":{"line":32,"column":4}},"1":{"start":{"line":27,"column":44},"end":{"line":27,"column":75}}},"fnMap":{"0":{"name":"CityCard","decl":{"start":{"line":8,"column":24},"end":{"line":8,"column":32}},"loc":{"start":{"line":11,"column":3},"end":{"line":33,"column":1}},"line":11},"1":{"name":"(anonymous_1)","decl":{"start":{"line":27,"column":38},"end":{"line":27,"column":39}},"loc":{"start":{"line":27,"column":44},"end":{"line":27,"column":75}},"line":27}},"branchMap":{},"s":{"0":6,"1":1},"f":{"0":6,"1":1},"b":{},"_coverageSchema":"1a1c01bbd47fc00a2c39e90264f33305004495a9","hash":"3325604fc49200565d57680d49ab7418b7c0f252"}
,"D:\\Programing\\dm-helper-react\\src\\components\\ListItems.tsx": {"path":"D:\\Programing\\dm-helper-react\\src\\components\\ListItems.tsx","statementMap":{"0":{"start":{"line":14,"column":2},"end":{"line":55,"column":5}},"1":{"start":{"line":59,"column":2},"end":{"line":81,"column":5}}},"fnMap":{},"branchMap":{},"s":{"0":1,"1":1},"f":{},"b":{},"_coverageSchema":"1a1c01bbd47fc00a2c39e90264f33305004495a9","hash":"2b2e063ccaf6e7c95f88643f1ad0abcc81e5600a"}
,"D:\\Programing\\dm-helper-react\\src\\pages\\CityPage.tsx": {"path":"D:\\Programing\\dm-helper-react\\src\\pages\\CityPage.tsx","statementMap":{"0":{"start":{"line":2,"column":2},"end":{"line":2,"column":26}}},"fnMap":{"0":{"name":"CityPage","decl":{"start":{"line":1,"column":24},"end":{"line":1,"column":32}},"loc":{"start":{"line":1,"column":35},"end":{"line":3,"column":1}},"line":1}},"branchMap":{},"s":{"0":1},"f":{"0":1},"b":{},"_coverageSchema":"1a1c01bbd47fc00a2c39e90264f33305004495a9","hash":"e3a166592d632112c7b5c788967cd84df70871b3"}
}
